# JRE version: OpenJDK Runtime Environment (11.0.10) (build 11.0.10+0-b96-7249189)
# Java VM: OpenJDK 64-Bit Server VM (11.0.10+0-b96-7249189, mixed mode, tiered, compressed oops, g1 gc, windows-amd64)
Heap:
 garbage-first heap   total 187392K, used 116275K [0x0000000080000000, 0x0000000100000000)
  region size 1024K, 15 young (15360K), 7 survivors (7168K)
 Metaspace       used 96645K, capacity 99646K, committed 99788K, reserved 1136640K
  class space    used 12435K, capacity 13460K, committed 13516K, reserved 1048576K
GC Heap History (20 events):
Event: 13.137 GC heap before
{Heap before GC invocations=13 (full 0):
 garbage-first heap   total 155648K, used 114692K [0x0000000080000000, 0x0000000100000000)
  region size 1024K, 70 young (71680K), 4 survivors (4096K)
 Metaspace       used 63264K, capacity 64944K, committed 65100K, reserved 1105920K
  class space    used 8055K, capacity 8660K, committed 8780K, reserved 1048576K
}
Event: 13.155 GC heap after
{Heap after GC invocations=14 (full 0):
 garbage-first heap   total 155648K, used 51813K [0x0000000080000000, 0x0000000100000000)
  region size 1024K, 9 young (9216K), 9 survivors (9216K)
 Metaspace       used 63264K, capacity 64944K, committed 65100K, reserved 1105920K
  class space    used 8055K, capacity 8660K, committed 8780K, reserved 1048576K
}
Event: 14.539 GC heap before
{Heap before GC invocations=15 (full 0):
 garbage-first heap   total 155648K, used 117349K [0x0000000080000000, 0x0000000100000000)
  region size 1024K, 73 young (74752K), 9 survivors (9216K)
 Metaspace       used 70178K, capacity 71924K, committed 72012K, reserved 1112064K
  class space    used 9129K, capacity 9762K, committed 9804K, reserved 1048576K
}
Event: 14.553 GC heap after
{Heap after GC invocations=16 (full 0):
 garbage-first heap   total 155648K, used 56080K [0x0000000080000000, 0x0000000100000000)
  region size 1024K, 5 young (5120K), 5 survivors (5120K)
 Metaspace       used 70178K, capacity 71924K, committed 72012K, reserved 1112064K
  class space    used 9129K, capacity 9762K, committed 9804K, reserved 1048576K
}
Event: 15.783 GC heap before
{Heap before GC invocations=16 (full 0):
 garbage-first heap   total 155648K, used 120592K [0x0000000080000000, 0x0000000100000000)
  region size 1024K, 68 young (69632K), 5 survivors (5120K)
 Metaspace       used 76714K, capacity 78561K, committed 78668K, reserved 1118208K
  class space    used 10040K, capacity 10724K, committed 10828K, reserved 1048576K
}
Event: 15.794 GC heap after
{Heap after GC invocations=17 (full 0):
 garbage-first heap   total 155648K, used 59992K [0x0000000080000000, 0x0000000100000000)
  region size 1024K, 9 young (9216K), 9 survivors (9216K)
 Metaspace       used 76714K, capacity 78561K, committed 78668K, reserved 1118208K
  class space    used 10040K, capacity 10724K, committed 10828K, reserved 1048576K
}
Event: 16.925 GC heap before
{Heap before GC invocations=17 (full 0):
 garbage-first heap   total 155648K, used 121432K [0x0000000080000000, 0x0000000100000000)
  region size 1024K, 70 young (71680K), 9 survivors (9216K)
 Metaspace       used 78803K, capacity 80910K, committed 81100K, reserved 1120256K
  class space    used 10338K, capacity 11107K, committed 11212K, reserved 1048576K
}
Event: 16.941 GC heap after
{Heap after GC invocations=18 (full 0):
 garbage-first heap   total 155648K, used 64308K [0x0000000080000000, 0x0000000100000000)
  region size 1024K, 9 young (9216K), 9 survivors (9216K)
 Metaspace       used 78803K, capacity 80910K, committed 81100K, reserved 1120256K
  class space    used 10338K, capacity 11107K, committed 11212K, reserved 1048576K
}
Event: 18.017 GC heap before
{Heap before GC invocations=18 (full 0):
 garbage-first heap   total 155648K, used 122676K [0x0000000080000000, 0x0000000100000000)
  region size 1024K, 67 young (68608K), 9 survivors (9216K)
 Metaspace       used 79685K, capacity 81824K, committed 81868K, reserved 1120256K
  class space    used 10407K, capacity 11170K, committed 11212K, reserved 1048576K
}
Event: 18.037 GC heap after
{Heap after GC invocations=19 (full 0):
 garbage-first heap   total 187392K, used 68190K [0x0000000080000000, 0x0000000100000000)
  region size 1024K, 9 young (9216K), 9 survivors (9216K)
 Metaspace       used 79685K, capacity 81824K, committed 81868K, reserved 1120256K
  class space    used 10407K, capacity 11170K, committed 11212K, reserved 1048576K
}
Event: 1344.970 GC heap before
{Heap before GC invocations=19 (full 0):
 garbage-first heap   total 187392K, used 144990K [0x0000000080000000, 0x0000000100000000)
  region size 1024K, 84 young (86016K), 9 survivors (9216K)
 Metaspace       used 81233K, capacity 83541K, committed 83660K, reserved 1122304K
  class space    used 10556K, capacity 11391K, committed 11468K, reserved 1048576K
}
Event: 1345.112 GC heap after
{Heap after GC invocations=20 (full 0):
 garbage-first heap   total 187392K, used 70944K [0x0000000080000000, 0x0000000100000000)
  region size 1024K, 7 young (7168K), 7 survivors (7168K)
 Metaspace       used 81233K, capacity 83541K, committed 83660K, reserved 1122304K
  class space    used 10556K, capacity 11391K, committed 11468K, reserved 1048576K
}
Event: 1350.224 GC heap before
{Heap before GC invocations=20 (full 0):
 garbage-first heap   total 187392K, used 169248K [0x0000000080000000, 0x0000000100000000)
  region size 1024K, 86 young (88064K), 7 survivors (7168K)
 Metaspace       used 85907K, capacity 88476K, committed 88780K, reserved 1126400K
  class space    used 11251K, capacity 12123K, committed 12236K, reserved 1048576K
}
Event: 1350.263 GC heap after
{Heap after GC invocations=21 (full 0):
 garbage-first heap   total 187392K, used 98209K [0x0000000080000000, 0x0000000100000000)
  region size 1024K, 11 young (11264K), 11 survivors (11264K)
 Metaspace       used 85907K, capacity 88476K, committed 88780K, reserved 1126400K
  class space    used 11251K, capacity 12123K, committed 12236K, reserved 1048576K
}
Event: 1352.013 GC heap before
{Heap before GC invocations=21 (full 0):
 garbage-first heap   total 187392K, used 156577K [0x0000000080000000, 0x0000000100000000)
  region size 1024K, 68 young (69632K), 11 survivors (11264K)
 Metaspace       used 90057K, capacity 92940K, committed 93260K, reserved 1130496K
  class space    used 11781K, capacity 12760K, committed 12876K, reserved 1048576K
}
Event: 1352.050 GC heap after
{Heap after GC invocations=22 (full 0):
 garbage-first heap   total 187392K, used 102708K [0x0000000080000000, 0x0000000100000000)
  region size 1024K, 4 young (4096K), 4 survivors (4096K)
 Metaspace       used 90057K, capacity 92940K, committed 93260K, reserved 1130496K
  class space    used 11781K, capacity 12760K, committed 12876K, reserved 1048576K
}
Event: 1353.221 GC heap before
{Heap before GC invocations=23 (full 0):
 garbage-first heap   total 187392K, used 154932K [0x0000000080000000, 0x0000000100000000)
  region size 1024K, 57 young (58368K), 4 survivors (4096K)
 Metaspace       used 92877K, capacity 95603K, committed 95820K, reserved 1132544K
  class space    used 12086K, capacity 13043K, committed 13132K, reserved 1048576K
}
Event: 1353.232 GC heap after
{Heap after GC invocations=24 (full 0):
 garbage-first heap   total 187392K, used 106475K [0x0000000080000000, 0x0000000100000000)
  region size 1024K, 8 young (8192K), 8 survivors (8192K)
 Metaspace       used 92877K, capacity 95603K, committed 95820K, reserved 1132544K
  class space    used 12086K, capacity 13043K, committed 13132K, reserved 1048576K
}
Event: 1356.134 GC heap before
{Heap before GC invocations=25 (full 0):
 garbage-first heap   total 187392K, used 156651K [0x0000000080000000, 0x0000000100000000)
  region size 1024K, 57 young (58368K), 8 survivors (8192K)
 Metaspace       used 95075K, capacity 98045K, committed 98380K, reserved 1134592K
  class space    used 12262K, capacity 13294K, committed 13388K, reserved 1048576K
}
Event: 1356.147 GC heap after
{Heap after GC invocations=26 (full 0):
 garbage-first heap   total 187392K, used 109107K [0x0000000080000000, 0x0000000100000000)
  region size 1024K, 7 young (7168K), 7 survivors (7168K)
 Metaspace       used 95075K, capacity 98045K, committed 98380K, reserved 1134592K
  class space    used 12262K, capacity 13294K, committed 13388K, reserved 1048576K
}

